<?xml version="1.0" encoding="UTF-8"?>
<!-- Generated by org.testng.reporters.JUnitXMLReporter -->
<testsuite hostname="DESKTOP-GAEG9SK" ignored="0" name="Regression Test_IN" tests="10" failures="0" timestamp="24 Jan 2021 07:53:21 GMT" time="230.945" errors="0">
  <testcase name="RIPC_Login" time="45.421" classname="tnm_review_IND_main.CreateRequest_IND"/>
  <testcase name="create_req" time="10.946" classname="tnm_review_IND_main.CreateRequest_IND"/>
  <testcase name="skill_req" time="6.081" classname="tnm_review_IND_main.CreateRequest_IND"/>
  <testcase name="select_requestor" time="28.22" classname="tnm_review_IND_main.CreateRequest_IND"/>
  <testcase name="select_jrss" time="10.468" classname="tnm_review_IND_main.CreateRequest_IND"/>
  <testcase name="req_details" time="25.558" classname="tnm_review_IND_main.CreateRequest_IND"/>
  <testcase name="loc_details" time="17.381" classname="tnm_review_IND_main.CreateRequest_IND"/>
  <testcase name="alert_call" time="0.093" classname="tnm_review_IND_main.CreateRequest_IND"/>
  <testcase name="rates_details" time="12.224" classname="tnm_review_IND_main.CreateRequest_IND"/>
  <testcase name="sup_slection" time="26.311" classname="tnm_review_IND_main.CreateRequest_IND"/>
</testsuite> <!-- Regression Test_IN -->
