<?xml version="1.0" encoding="UTF-8"?>
<!-- Generated by org.testng.reporters.JUnitXMLReporter -->
<testsuite hostname="DESKTOP-GAEG9SK" ignored="0" name="Regression Test_US" tests="12" failures="12" timestamp="24 Jan 2021 08:31:07 GMT" time="0.447" errors="0">
  <testcase name="switching_insta" time="0.082" classname="tnm_review_US_main.CreateRequest_US">
    <failure type="java.lang.NullPointerException">
      <![CDATA[java.lang.NullPointerException
	at java.util.Objects.requireNonNull(Objects.java:203)
	at org.openqa.selenium.support.ui.FluentWait.<init>(FluentWait.java:106)
	at org.openqa.selenium.support.ui.WebDriverWait.<init>(WebDriverWait.java:85)
	at org.openqa.selenium.support.ui.WebDriverWait.<init>(WebDriverWait.java:45)
	at tnm_review_US.Step1_CreateRequest_US.switch_instance(Step1_CreateRequest_US.java:199)
	at tnm_review_US_main.CreateRequest_US.switching_insta(CreateRequest_US.java:72)
... Removed 25 stack frames]]>
    </failure>
  </testcase> <!-- switching_insta -->
  <testcase name="create_req" time="0.004" classname="tnm_review_US_main.CreateRequest_US">
    <failure type="java.lang.NullPointerException">
      <![CDATA[java.lang.NullPointerException
	at java.util.Objects.requireNonNull(Objects.java:203)
	at org.openqa.selenium.support.ui.FluentWait.<init>(FluentWait.java:106)
	at org.openqa.selenium.support.ui.WebDriverWait.<init>(WebDriverWait.java:85)
	at org.openqa.selenium.support.ui.WebDriverWait.<init>(WebDriverWait.java:45)
	at tnm_review_US.Step1_CreateRequest_US.Create_New_Request(Step1_CreateRequest_US.java:211)
	at tnm_review_US_main.CreateRequest_US.create_req(CreateRequest_US.java:79)
... Removed 25 stack frames]]>
    </failure>
  </testcase> <!-- create_req -->
  <testcase name="switch_cntry" time="0.004" classname="tnm_review_US_main.CreateRequest_US">
    <failure type="java.lang.NullPointerException">
      <![CDATA[java.lang.NullPointerException
	at java.util.Objects.requireNonNull(Objects.java:203)
	at org.openqa.selenium.support.ui.FluentWait.<init>(FluentWait.java:106)
	at org.openqa.selenium.support.ui.WebDriverWait.<init>(WebDriverWait.java:85)
	at org.openqa.selenium.support.ui.WebDriverWait.<init>(WebDriverWait.java:45)
	at tnm_review_US.Step1_CreateRequest_US.switch_country(Step1_CreateRequest_US.java:220)
	at tnm_review_US_main.CreateRequest_US.switch_cntry(CreateRequest_US.java:86)
... Removed 25 stack frames]]>
    </failure>
  </testcase> <!-- switch_cntry -->
  <testcase name="skill_req" time="0.007" classname="tnm_review_US_main.CreateRequest_US">
    <failure type="java.lang.NullPointerException">
      <![CDATA[java.lang.NullPointerException
	at java.util.Objects.requireNonNull(Objects.java:203)
	at org.openqa.selenium.support.ui.FluentWait.<init>(FluentWait.java:106)
	at org.openqa.selenium.support.ui.WebDriverWait.<init>(WebDriverWait.java:85)
	at org.openqa.selenium.support.ui.WebDriverWait.<init>(WebDriverWait.java:45)
	at tnm_review_US.Step1_CreateRequest_US.Skill_Request(Step1_CreateRequest_US.java:230)
	at tnm_review_US_main.CreateRequest_US.skill_req(CreateRequest_US.java:93)
... Removed 25 stack frames]]>
    </failure>
  </testcase> <!-- skill_req -->
  <testcase name="chang_requestor" time="0.008" classname="tnm_review_US_main.CreateRequest_US">
    <failure type="java.lang.NullPointerException">
      <![CDATA[java.lang.NullPointerException
	at java.util.Objects.requireNonNull(Objects.java:203)
	at org.openqa.selenium.support.ui.FluentWait.<init>(FluentWait.java:106)
	at org.openqa.selenium.support.ui.WebDriverWait.<init>(WebDriverWait.java:85)
	at org.openqa.selenium.support.ui.WebDriverWait.<init>(WebDriverWait.java:45)
	at tnm_review_US.Step1_CreateRequest_US.Change_Requestor(Step1_CreateRequest_US.java:243)
	at tnm_review_US_main.CreateRequest_US.chang_requestor(CreateRequest_US.java:101)
... Removed 25 stack frames]]>
    </failure>
  </testcase> <!-- chang_requestor -->
  <testcase name="select_requestor" time="0.028" classname="tnm_review_US_main.CreateRequest_US">
    <failure type="java.lang.NullPointerException">
      <![CDATA[java.lang.NullPointerException
	at java.util.Objects.requireNonNull(Objects.java:203)
	at org.openqa.selenium.support.ui.FluentWait.<init>(FluentWait.java:106)
	at org.openqa.selenium.support.ui.WebDriverWait.<init>(WebDriverWait.java:85)
	at org.openqa.selenium.support.ui.WebDriverWait.<init>(WebDriverWait.java:45)
	at tnm_review_US.Step1_CreateRequest_US.Select_Requestor(Step1_CreateRequest_US.java:257)
	at tnm_review_US_main.CreateRequest_US.select_requestor(CreateRequest_US.java:109)
... Removed 25 stack frames]]>
    </failure>
  </testcase> <!-- select_requestor -->
  <testcase name="select_jrss" time="0.019" classname="tnm_review_US_main.CreateRequest_US">
    <failure type="java.lang.NullPointerException">
      <![CDATA[java.lang.NullPointerException
	at java.util.Objects.requireNonNull(Objects.java:203)
	at org.openqa.selenium.support.ui.FluentWait.<init>(FluentWait.java:106)
	at org.openqa.selenium.support.ui.WebDriverWait.<init>(WebDriverWait.java:85)
	at org.openqa.selenium.support.ui.WebDriverWait.<init>(WebDriverWait.java:45)
	at tnm_review_US.Step1_CreateRequest_US.Select_JRSS(Step1_CreateRequest_US.java:278)
	at tnm_review_US_main.CreateRequest_US.select_jrss(CreateRequest_US.java:117)
... Removed 25 stack frames]]>
    </failure>
  </testcase> <!-- select_jrss -->
  <testcase name="req_details" time="0.003" classname="tnm_review_US_main.CreateRequest_US">
    <failure type="java.lang.NullPointerException">
      <![CDATA[java.lang.NullPointerException
	at java.util.Objects.requireNonNull(Objects.java:203)
	at org.openqa.selenium.support.ui.FluentWait.<init>(FluentWait.java:106)
	at org.openqa.selenium.support.ui.WebDriverWait.<init>(WebDriverWait.java:85)
	at org.openqa.selenium.support.ui.WebDriverWait.<init>(WebDriverWait.java:45)
	at tnm_review_US.Step1_CreateRequest_US.Request_detailpage(Step1_CreateRequest_US.java:306)
	at tnm_review_US_main.CreateRequest_US.req_details(CreateRequest_US.java:125)
... Removed 25 stack frames]]>
    </failure>
  </testcase> <!-- req_details -->
  <testcase name="loc_details" time="0.007" classname="tnm_review_US_main.CreateRequest_US">
    <failure type="java.lang.NullPointerException">
      <![CDATA[java.lang.NullPointerException
	at java.util.Objects.requireNonNull(Objects.java:203)
	at org.openqa.selenium.support.ui.FluentWait.<init>(FluentWait.java:106)
	at org.openqa.selenium.support.ui.WebDriverWait.<init>(WebDriverWait.java:85)
	at org.openqa.selenium.support.ui.WebDriverWait.<init>(WebDriverWait.java:45)
	at tnm_review_US.Step1_CreateRequest_US.Skill_detailLocationpage(Step1_CreateRequest_US.java:387)
	at tnm_review_US_main.CreateRequest_US.loc_details(CreateRequest_US.java:133)
... Removed 25 stack frames]]>
    </failure>
  </testcase> <!-- loc_details -->
  <testcase name="alert_call" time="0.006" classname="tnm_review_US_main.CreateRequest_US">
    <failure type="java.lang.NullPointerException">
      <![CDATA[java.lang.NullPointerException
	at tnm_review_US.Step1_CreateRequest_US.isAlertPresent(Step1_CreateRequest_US.java:410)
	at tnm_review_US_main.CreateRequest_US.alert_call(CreateRequest_US.java:141)
... Removed 25 stack frames]]>
    </failure>
  </testcase> <!-- alert_call -->
  <testcase name="rates_details" time="0.019" classname="tnm_review_US_main.CreateRequest_US">
    <failure type="java.lang.NullPointerException">
      <![CDATA[java.lang.NullPointerException
	at java.util.Objects.requireNonNull(Objects.java:203)
	at org.openqa.selenium.support.ui.FluentWait.<init>(FluentWait.java:106)
	at org.openqa.selenium.support.ui.WebDriverWait.<init>(WebDriverWait.java:85)
	at org.openqa.selenium.support.ui.WebDriverWait.<init>(WebDriverWait.java:45)
	at tnm_review_US.Step1_CreateRequest_US.Skill_detail_skillpricepage(Step1_CreateRequest_US.java:428)
	at tnm_review_US_main.CreateRequest_US.rates_details(CreateRequest_US.java:149)
... Removed 25 stack frames]]>
    </failure>
  </testcase> <!-- rates_details -->
  <testcase name="sup_slection" time="0.007" classname="tnm_review_US_main.CreateRequest_US">
    <failure type="java.lang.NullPointerException">
      <![CDATA[java.lang.NullPointerException
	at java.util.Objects.requireNonNull(Objects.java:203)
	at org.openqa.selenium.support.ui.FluentWait.<init>(FluentWait.java:106)
	at org.openqa.selenium.support.ui.WebDriverWait.<init>(WebDriverWait.java:85)
	at org.openqa.selenium.support.ui.WebDriverWait.<init>(WebDriverWait.java:45)
	at tnm_review_US.Step1_CreateRequest_US.SupplierSelectionPage(Step1_CreateRequest_US.java:459)
	at tnm_review_US_main.CreateRequest_US.sup_slection(CreateRequest_US.java:157)
... Removed 25 stack frames]]>
    </failure>
  </testcase> <!-- sup_slection -->
</testsuite> <!-- Regression Test_US -->
