<?xml version="1.0" encoding="UTF-8"?>
<testng-results skipped="0" failed="0" total="36" passed="36">
  <reporter-output>
  </reporter-output>
  <suite name="Test_CSATM_Sanity_Script" duration-ms="418275" started-at="2021-01-22T07:12:06Z" finished-at="2021-01-22T07:19:04Z">
    <groups>
    </groups>
    <test name="Regression suite 1" duration-ms="418275" started-at="2021-01-22T07:12:06Z" finished-at="2021-01-22T07:19:04Z">
      <class name="tnm_review_GB_main.CreateRequest_GB">
        <test-method status="PASS" signature="setup()[pri:0, instance:tnm_review_GB_main.CreateRequest_GB@2acf57e3]" name="setup" is-config="true" duration-ms="8833" started-at="2021-01-22T12:42:06Z" finished-at="2021-01-22T12:42:15Z">
          <reporter-output>
          </reporter-output>
        </test-method> <!-- setup -->
        <test-method status="PASS" signature="setup()[pri:0, instance:tnm_review_IND_main.CreateRequest_IND@506e6d5e]" name="setup" is-config="true" duration-ms="7565" started-at="2021-01-22T12:42:15Z" finished-at="2021-01-22T12:42:22Z">
          <reporter-output>
          </reporter-output>
        </test-method> <!-- setup -->
        <test-method status="PASS" signature="setup()[pri:0, instance:tnm_review_US_main.CreateRequest_US@96532d6]" name="setup" is-config="true" duration-ms="6458" started-at="2021-01-22T12:42:22Z" finished-at="2021-01-22T12:42:29Z">
          <reporter-output>
          </reporter-output>
        </test-method> <!-- setup -->
        <test-method status="PASS" signature="RIPC_Login()[pri:0, instance:tnm_review_GB_main.CreateRequest_GB@2acf57e3]" name="RIPC_Login" duration-ms="47074" started-at="2021-01-22T12:42:29Z" finished-at="2021-01-22T12:43:16Z">
          <reporter-output>
          </reporter-output>
        </test-method> <!-- RIPC_Login -->
        <test-method status="PASS" signature="switching_insta()[pri:1, instance:tnm_review_GB_main.CreateRequest_GB@2acf57e3]" name="switching_insta" duration-ms="8978" started-at="2021-01-22T12:44:36Z" finished-at="2021-01-22T12:44:45Z">
          <reporter-output>
          </reporter-output>
        </test-method> <!-- switching_insta -->
        <test-method status="PASS" signature="create_req()[pri:2, instance:tnm_review_GB_main.CreateRequest_GB@2acf57e3]" name="create_req" duration-ms="4168" started-at="2021-01-22T12:44:56Z" finished-at="2021-01-22T12:45:00Z">
          <reporter-output>
          </reporter-output>
        </test-method> <!-- create_req -->
        <test-method status="PASS" signature="switch_cntry()[pri:3, instance:tnm_review_GB_main.CreateRequest_GB@2acf57e3]" name="switch_cntry" duration-ms="3168" started-at="2021-01-22T12:45:08Z" finished-at="2021-01-22T12:45:11Z">
          <reporter-output>
          </reporter-output>
        </test-method> <!-- switch_cntry -->
        <test-method status="PASS" signature="skill_req()[pri:4, instance:tnm_review_GB_main.CreateRequest_GB@2acf57e3]" name="skill_req" duration-ms="4024" started-at="2021-01-22T12:45:14Z" finished-at="2021-01-22T12:45:18Z">
          <reporter-output>
          </reporter-output>
        </test-method> <!-- skill_req -->
        <test-method status="PASS" signature="chang_requestor()[pri:5, instance:tnm_review_GB_main.CreateRequest_GB@2acf57e3]" name="chang_requestor" duration-ms="7922" started-at="2021-01-22T12:45:35Z" finished-at="2021-01-22T12:45:43Z">
          <reporter-output>
          </reporter-output>
        </test-method> <!-- chang_requestor -->
        <test-method status="PASS" signature="select_requestor()[pri:6, instance:tnm_review_GB_main.CreateRequest_GB@2acf57e3]" name="select_requestor" duration-ms="11740" started-at="2021-01-22T12:45:56Z" finished-at="2021-01-22T12:46:08Z">
          <reporter-output>
          </reporter-output>
        </test-method> <!-- select_requestor -->
        <test-method status="PASS" signature="select_jrss()[pri:7, instance:tnm_review_GB_main.CreateRequest_GB@2acf57e3]" name="select_jrss" duration-ms="5771" started-at="2021-01-22T12:46:32Z" finished-at="2021-01-22T12:46:38Z">
          <reporter-output>
          </reporter-output>
        </test-method> <!-- select_jrss -->
        <test-method status="PASS" signature="req_details()[pri:8, instance:tnm_review_GB_main.CreateRequest_GB@2acf57e3]" name="req_details" duration-ms="16165" started-at="2021-01-22T12:46:57Z" finished-at="2021-01-22T12:47:14Z">
          <reporter-output>
          </reporter-output>
        </test-method> <!-- req_details -->
        <test-method status="PASS" signature="loc_details()[pri:9, instance:tnm_review_GB_main.CreateRequest_GB@2acf57e3]" name="loc_details" duration-ms="12650" started-at="2021-01-22T12:47:24Z" finished-at="2021-01-22T12:47:36Z">
          <reporter-output>
          </reporter-output>
        </test-method> <!-- loc_details -->
        <test-method status="PASS" signature="alert_call()[pri:10, instance:tnm_review_GB_main.CreateRequest_GB@2acf57e3]" name="alert_call" duration-ms="7" started-at="2021-01-22T12:47:54Z" finished-at="2021-01-22T12:47:54Z">
          <reporter-output>
          </reporter-output>
        </test-method> <!-- alert_call -->
        <test-method status="PASS" signature="rates_details()[pri:11, instance:tnm_review_GB_main.CreateRequest_GB@2acf57e3]" name="rates_details" duration-ms="8981" started-at="2021-01-22T12:48:12Z" finished-at="2021-01-22T12:48:21Z">
          <reporter-output>
          </reporter-output>
        </test-method> <!-- rates_details -->
        <test-method status="PASS" signature="sup_slection()[pri:12, instance:tnm_review_GB_main.CreateRequest_GB@2acf57e3]" name="sup_slection" duration-ms="19335" started-at="2021-01-22T12:48:30Z" finished-at="2021-01-22T12:48:49Z">
          <reporter-output>
          </reporter-output>
        </test-method> <!-- sup_slection -->
      </class> <!-- tnm_review_GB_main.CreateRequest_GB -->
      <class name="tnm_review_IND_main.CreateRequest_IND">
        <test-method status="PASS" signature="RIPC_Login()[pri:0, instance:tnm_review_IND_main.CreateRequest_IND@506e6d5e]" name="RIPC_Login" duration-ms="40507" started-at="2021-01-22T12:43:16Z" finished-at="2021-01-22T12:43:56Z">
          <reporter-output>
          </reporter-output>
        </test-method> <!-- RIPC_Login -->
        <test-method status="PASS" signature="create_req()[pri:1, instance:tnm_review_IND_main.CreateRequest_IND@506e6d5e]" name="create_req" duration-ms="3127" started-at="2021-01-22T12:44:45Z" finished-at="2021-01-22T12:44:49Z">
          <reporter-output>
          </reporter-output>
        </test-method> <!-- create_req -->
        <test-method status="PASS" signature="skill_req()[pri:2, instance:tnm_review_IND_main.CreateRequest_IND@506e6d5e]" name="skill_req" duration-ms="4634" started-at="2021-01-22T12:45:00Z" finished-at="2021-01-22T12:45:05Z">
          <reporter-output>
          </reporter-output>
        </test-method> <!-- skill_req -->
        <test-method status="PASS" signature="select_requestor()[pri:4, instance:tnm_review_IND_main.CreateRequest_IND@506e6d5e]" name="select_requestor" duration-ms="13160" started-at="2021-01-22T12:45:18Z" finished-at="2021-01-22T12:45:32Z">
          <reporter-output>
          </reporter-output>
        </test-method> <!-- select_requestor -->
        <test-method status="PASS" signature="select_jrss()[pri:5, instance:tnm_review_IND_main.CreateRequest_IND@506e6d5e]" name="select_jrss" duration-ms="6672" started-at="2021-01-22T12:45:43Z" finished-at="2021-01-22T12:45:50Z">
          <reporter-output>
          </reporter-output>
        </test-method> <!-- select_jrss -->
        <test-method status="PASS" signature="req_details()[pri:6, instance:tnm_review_IND_main.CreateRequest_IND@506e6d5e]" name="req_details" duration-ms="12667" started-at="2021-01-22T12:46:08Z" finished-at="2021-01-22T12:46:20Z">
          <reporter-output>
          </reporter-output>
        </test-method> <!-- req_details -->
        <test-method status="PASS" signature="loc_details()[pri:7, instance:tnm_review_IND_main.CreateRequest_IND@506e6d5e]" name="loc_details" duration-ms="14228" started-at="2021-01-22T12:46:38Z" finished-at="2021-01-22T12:46:52Z">
          <reporter-output>
          </reporter-output>
        </test-method> <!-- loc_details -->
        <test-method status="PASS" signature="alert_call()[pri:8, instance:tnm_review_IND_main.CreateRequest_IND@506e6d5e]" name="alert_call" duration-ms="4" started-at="2021-01-22T12:47:14Z" finished-at="2021-01-22T12:47:14Z">
          <reporter-output>
          </reporter-output>
        </test-method> <!-- alert_call -->
        <test-method status="PASS" signature="rates_details()[pri:9, instance:tnm_review_IND_main.CreateRequest_IND@506e6d5e]" name="rates_details" duration-ms="7577" started-at="2021-01-22T12:47:36Z" finished-at="2021-01-22T12:47:44Z">
          <reporter-output>
          </reporter-output>
        </test-method> <!-- rates_details -->
        <test-method status="PASS" signature="sup_slection()[pri:10, instance:tnm_review_IND_main.CreateRequest_IND@506e6d5e]" name="sup_slection" duration-ms="18009" started-at="2021-01-22T12:47:54Z" finished-at="2021-01-22T12:48:12Z">
          <reporter-output>
          </reporter-output>
        </test-method> <!-- sup_slection -->
      </class> <!-- tnm_review_IND_main.CreateRequest_IND -->
      <class name="tnm_review_US_main.CreateRequest_US">
        <test-method status="PASS" signature="RIPC_Login()[pri:0, instance:tnm_review_US_main.CreateRequest_US@96532d6]" name="RIPC_Login" duration-ms="40044" started-at="2021-01-22T12:43:56Z" finished-at="2021-01-22T12:44:36Z">
          <reporter-output>
          </reporter-output>
        </test-method> <!-- RIPC_Login -->
        <test-method status="PASS" signature="switching_insta()[pri:1, instance:tnm_review_US_main.CreateRequest_US@96532d6]" name="switching_insta" duration-ms="7744" started-at="2021-01-22T12:44:49Z" finished-at="2021-01-22T12:44:56Z">
          <reporter-output>
          </reporter-output>
        </test-method> <!-- switching_insta -->
        <test-method status="PASS" signature="create_req()[pri:2, instance:tnm_review_US_main.CreateRequest_US@96532d6]" name="create_req" duration-ms="3018" started-at="2021-01-22T12:45:05Z" finished-at="2021-01-22T12:45:08Z">
          <reporter-output>
          </reporter-output>
        </test-method> <!-- create_req -->
        <test-method status="PASS" signature="switch_cntry()[pri:3, instance:tnm_review_US_main.CreateRequest_US@96532d6]" name="switch_cntry" duration-ms="3076" started-at="2021-01-22T12:45:11Z" finished-at="2021-01-22T12:45:14Z">
          <reporter-output>
          </reporter-output>
        </test-method> <!-- switch_cntry -->
        <test-method status="PASS" signature="skill_req()[pri:4, instance:tnm_review_US_main.CreateRequest_US@96532d6]" name="skill_req" duration-ms="3617" started-at="2021-01-22T12:45:32Z" finished-at="2021-01-22T12:45:35Z">
          <reporter-output>
          </reporter-output>
        </test-method> <!-- skill_req -->
        <test-method status="PASS" signature="chang_requestor()[pri:5, instance:tnm_review_US_main.CreateRequest_US@96532d6]" name="chang_requestor" duration-ms="6020" started-at="2021-01-22T12:45:50Z" finished-at="2021-01-22T12:45:56Z">
          <reporter-output>
          </reporter-output>
        </test-method> <!-- chang_requestor -->
        <test-method status="PASS" signature="select_requestor()[pri:6, instance:tnm_review_US_main.CreateRequest_US@96532d6]" name="select_requestor" duration-ms="12135" started-at="2021-01-22T12:46:20Z" finished-at="2021-01-22T12:46:32Z">
          <reporter-output>
          </reporter-output>
        </test-method> <!-- select_requestor -->
        <test-method status="PASS" signature="select_jrss()[pri:7, instance:tnm_review_US_main.CreateRequest_US@96532d6]" name="select_jrss" duration-ms="5018" started-at="2021-01-22T12:46:52Z" finished-at="2021-01-22T12:46:57Z">
          <reporter-output>
          </reporter-output>
        </test-method> <!-- select_jrss -->
        <test-method status="PASS" signature="req_details()[pri:8, instance:tnm_review_US_main.CreateRequest_US@96532d6]" name="req_details" duration-ms="10281" started-at="2021-01-22T12:47:14Z" finished-at="2021-01-22T12:47:24Z">
          <reporter-output>
          </reporter-output>
        </test-method> <!-- req_details -->
        <test-method status="PASS" signature="loc_details()[pri:9, instance:tnm_review_US_main.CreateRequest_US@96532d6]" name="loc_details" duration-ms="9920" started-at="2021-01-22T12:47:44Z" finished-at="2021-01-22T12:47:54Z">
          <reporter-output>
          </reporter-output>
        </test-method> <!-- loc_details -->
        <test-method status="PASS" signature="alert_call()[pri:10, instance:tnm_review_US_main.CreateRequest_US@96532d6]" name="alert_call" duration-ms="6" started-at="2021-01-22T12:48:12Z" finished-at="2021-01-22T12:48:12Z">
          <reporter-output>
          </reporter-output>
        </test-method> <!-- alert_call -->
        <test-method status="PASS" signature="rates_details()[pri:11, instance:tnm_review_US_main.CreateRequest_US@96532d6]" name="rates_details" duration-ms="8609" started-at="2021-01-22T12:48:21Z" finished-at="2021-01-22T12:48:30Z">
          <reporter-output>
          </reporter-output>
        </test-method> <!-- rates_details -->
        <test-method status="PASS" signature="sup_slection()[pri:12, instance:tnm_review_US_main.CreateRequest_US@96532d6]" name="sup_slection" duration-ms="15331" started-at="2021-01-22T12:48:49Z" finished-at="2021-01-22T12:49:04Z">
          <reporter-output>
          </reporter-output>
        </test-method> <!-- sup_slection -->
      </class> <!-- tnm_review_US_main.CreateRequest_US -->
    </test> <!-- Regression suite 1 -->
  </suite> <!-- Test_CSATM_Sanity_Script -->
</testng-results>
